C51 COMPILER V9.01   MAIN                                                                  07/03/2020 09:11:54 PAGE 1   


C51 COMPILER V9.01, COMPILATION OF MODULE MAIN
OBJECT MODULE PLACED IN main.OBJ
COMPILER INVOKED BY: D:\keil_v4\C51\BIN\C51.EXE main.c BROWSE DEBUG OBJECTEXTEND

line level    source

   1          /**************************************************************************************
   2          *串口通信实验                     *
   3          实现现象：下载程序后打开串口调试助手，将波特率设置为4800，选择发送的数据就可以显示
   4                                  在串口助手上。
   5          注意事项：无。                                                                                                                                                            
   6          ***************************************************************************************/
   7          
   8          #include "reg52.h"                       //此文件中定义了单片机的一些特殊功能寄存器
   9          
  10          typedef unsigned int u16;         //对数据类型进行声明定义
  11          typedef unsigned char u8;
  12          
  13          sbit LED1=P2^0;
  14          u8 flag,receiveData;
  15          /*******************************************************************************
  16          * 函数名         :UsartInit()
  17          * 函数功能                 :设置串口
  18          * 输入           : 无
  19          * 输出           : 无
  20          *******************************************************************************/
  21          void UsartInit()
  22          {
  23   1          TMOD = 0x20;
  24   1          SCON = 0x50;
  25   1          TH1 = 0xFD;  //设置波特率为9600
  26   1          TL1 = TH1;
  27   1          PCON = 0x00;
  28   1          EA = 1;
  29   1          ES = 1;
  30   1          TR1 = 1;
  31   1      }
  32          void SendOneByte()
  33          {
  34   1              SBUF=receiveData;//将接收到的数据放入到发送寄存器
  35   1              while(!TI);                      //等待发送数据完成
  36   1              TI=0;                                            //清除发送完成标志位
  37   1      }
  38          /*******************************************************************************
  39          * 函 数 名       : main
  40          * 函数功能               : 主函数
  41          * 输    入       : 无
  42          * 输    出       : 无
  43          *******************************************************************************/
  44          void main()
  45          {       
  46   1              UsartInit();  //        串口初始化
  47   1              while(1)
  48   1              {
  49   2                      if(flag==1)
  50   2                      {
  51   3                              ES=0;
  52   3                              flag=0;
  53   3                              SendOneByte();
  54   3                              ES=1;
  55   3                      }
C51 COMPILER V9.01   MAIN                                                                  07/03/2020 09:11:54 PAGE 2   

  56   2              
  57   2              }               
  58   1      }
  59          
  60          /*******************************************************************************
  61          * 函数名         : Usart() interrupt 4
  62          * 函数功能               : 串口通信中断函数
  63          * 输入           : 无
  64          * 输出           : 无
  65          *******************************************************************************/
  66          void Usart() interrupt 4
  67          {
  68   1              if(RI)
  69   1              {
  70   2                      RI = 0;//清除接收中断标志位
  71   2                      receiveData=SBUF;//出去接收到的数据     
  72   2                      flag=1;
  73   2                      //P2=receiveData;
  74   2                      switch(receiveData)
  75   2                      {
  76   3                              case 0xf9:
  77   3                                      LED1=0;
  78   3                                      break;
  79   3                              case 0xfa:
  80   3                                      LED1=1;
  81   3                                      break;
  82   3                      }
  83   2              }       
  84   1      }


MODULE INFORMATION:   STATIC OVERLAYABLE
   CODE SIZE        =     86    ----
   CONSTANT SIZE    =   ----    ----
   XDATA SIZE       =   ----    ----
   PDATA SIZE       =   ----    ----
   DATA SIZE        =      2    ----
   IDATA SIZE       =   ----    ----
   BIT SIZE         =   ----    ----
END OF MODULE INFORMATION.


C51 COMPILATION COMPLETE.  0 WARNING(S),  0 ERROR(S)
