C51 COMPILER V9.01   LCD12864                                                              06/03/2020 23:20:07 PAGE 1   


C51 COMPILER V9.01, COMPILATION OF MODULE LCD12864
OBJECT MODULE PLACED IN .\lcd12864.obj
COMPILER INVOKED BY: D:\keil_v4\C51\BIN\C51.EXE ..\Calendar\lcd12864.c BROWSE DEBUG OBJECTEXTEND PRINT(.\lcd12864.lst) O
                    -BJECT(.\lcd12864.obj)

line level    source

   1          #include <reg51.h>
   2          #include <intrins.h>
   3          #define uint unsigned int
   4          #define uchar unsigned char
   5          #define DATA P0
   6          sbit RS=P2^2;
   7          sbit RW=P2^1;
   8          sbit EN=P2^0;
   9          sbit cs1=P2^3;
  10          sbit cs2=P2^4;
  11          /****************************定义字库*********************************/
  12          uchar code Hzk[]={
  13          0x00,0x80,0x40,0x20,0x18,0x06,0x80,0x00,0x07,0x18,0x20,0x40,0x80,0x00,0x00,0x00,
  14          0x01,0x00,0x20,0x70,0x28,0x26,0x21,0x20,0x20,0x24,0x38,0x60,0x00,0x01,0x01,0x00,
  15          
  16          /*--  文字:  历  --*/
  17          /*--  宋体12;  此字体下对应的点阵为：宽x高=16x16   --*/
  18          0x00,0x00,0xFE,0x02,0x42,0x42,0x42,0x42,0xFA,0x42,0x42,0x42,0x42,0xC2,0x02,0x00,
  19          0x80,0x60,0x1F,0x80,0x40,0x20,0x18,0x06,0x01,0x00,0x40,0x80,0x40,0x3F,0x00,0x00,};
  20          /**********************************延时子程序**********************/
  21          void delay(uint xms)
  22          {
  23   1      uint i,j;
  24   1      for(i=xms;i>0;i--)
  25   1      for(j=110;j>0;j--);
  26   1      }
  27          /**********************************LCD忙检查子程序**********************/
  28          void CheckState()
  29          {
  30   1      uchar dat;
  31   1      RS=0;
  32   1      RW=1;
  33   1      do {
  34   2      DATA=0x00;
  35   2      EN=1;
  36   2      _nop_();
  37   2      dat=DATA;
  38   2      EN=0;
  39   2      dat=0x80&dat; //检查忙信号
  40   2      }while(!(dat==0x00)); //当忙信号为0时才可继续操作
  41   1      }
  42          /**********************************写命令子程序**********************/
  43          void SendCommandToLCD(uchar com)
  44          {
  45   1      CheckState();
  46   1      RS=0; //写命令
  47   1      RW=0;
  48   1      DATA=com;
  49   1      EN=1; //利用EN 下降沿完成命令写操作
  50   1      _nop_();
  51   1      _nop_();
  52   1      EN=0;
  53   1      }
  54          void SetLine(uchar page) //设置页码，页码为0~7
C51 COMPILER V9.01   LCD12864                                                              06/03/2020 23:20:07 PAGE 2   

  55          {
  56   1      page=0xb8|page;
  57   1      SendCommandToLCD(page);
  58   1      }
  59          void SetStartLine(uchar startline) //设置起始行，行号为0~63
  60          {
  61   1      startline=0xc0|startline;
  62   1      SendCommandToLCD(startline);
  63   1      }
  64          void SetColumn(uchar column) //设置列，列号为0~63
  65          {
  66   1      column=column&0x3f;
  67   1      column=0x40|column;
  68   1      SendCommandToLCD(column);
  69   1      }
  70          void SetOnOff(uchar onoff) //开关显示屏，onoff只能为0或1
  71          {
  72   1      onoff=0x3e|onoff;
  73   1      SendCommandToLCD(onoff);
  74   1      }
  75          void WriteByte(uchar dat) //写数据
  76          {
  77   1      CheckState();
  78   1      RS=1;
  79   1      RW=0;
  80   1      DATA=dat;
  81   1      EN=1;
  82   1      _nop_();
  83   1      _nop_();
  84   1      EN=0;
  85   1      }
  86          void SelectScreen(uchar screen) //选屏，screen=0,1,2
  87          {
  88   1      switch(screen)
  89   1      {
  90   2      case 0: cs1=0; //全屏显示
  91   2      _nop_();
  92   2      _nop_();
  93   2      _nop_();
  94   2      cs2=0;
  95   2      _nop_();
  96   2      _nop_();
  97   2      _nop_();
  98   2      break;
  99   2      case 1: cs1=0; //左屏显示
 100   2      _nop_();
 101   2      _nop_();
 102   2      _nop_();
 103   2      cs2=1;
 104   2      _nop_();
 105   2      _nop_();
 106   2      _nop_();
 107   2      break;
 108   2      case 2: cs1=1; //右屏显示
 109   2      _nop_();
 110   2      _nop_();
 111   2      _nop_();
 112   2      cs2=0;
 113   2      _nop_();
 114   2      _nop_();
 115   2      _nop_();
 116   2      break;
C51 COMPILER V9.01   LCD12864                                                              06/03/2020 23:20:07 PAGE 3   

 117   2      }
 118   1      }
 119          void ClearScreen(uchar screen) //清屏，screen=0,1,2
 120          {
 121   1      uchar i,j;
 122   1      SelectScreen(screen);
 123   1      for (i=0;i<8;i++)
 124   1      {
 125   2      SetLine(i);
 126   2      SetColumn(0);
 127   2      for(j=0;j<64;j++)
 128   2      {WriteByte(0x00); //写数据列地址将自动加1
 129   3      }
 130   2      }
 131   1      }
 132          /**********************************初始化子程序**********************/
 133          void InitLCD()
 134          {
 135   1      CheckState();
 136   1      SelectScreen(0);
 137   1      SetOnOff(0); //关屏
 138   1      SelectScreen(0);
 139   1      SetOnOff(1); //开屏
 140   1      SelectScreen(0);
 141   1      ClearScreen(0); //清屏
 142   1      SetStartLine(0); //开始行为0
 143   1      }
 144          /************************显示全角汉字**********************/
 145          void Display(uchar ss,uchar page,uchar column,uchar number)
 146          {
 147   1      int i;
 148   1      SelectScreen(ss); //ss为屏号
 149   1      column=column&0x3f; //column为列号
 150   1      SetLine(page); //page为页号，显示第number个汉字的上半部分，
 151   1      //page可理解为要显示的汉字位于屏幕的第page行
 152   1      SetColumn(column);
 153   1      for(i=0;i<16;i++) //i为一个字里面的各个列
 154   1      {
 155   2      WriteByte(Hzk[i+32*number]); //number为字号，
 156   2      //取第number个汉字的第i列数据编码值
 157   2      }
 158   1      SetLine(page+1); //显示第number个汉字的下半部分
 159   1      SetColumn(column);
 160   1      for(i=0;i<16;i++)
 161   1      {
 162   2      WriteByte(Hzk[i+32*number+16]);//取第number个汉字的下半部分
 163   2      }}
 164          void main()
 165          {
 166   1      uint i;
 167   1      InitLCD();
 168   1      ClearScreen(0);
 169   1      while(1)
 170   1      {
 171   2      //for (i=0;i<128;i++)
 172   2      //{
 173   2      SetStartLine(i);
 174   2      Display(1,0,0*16,0); //显示第0号字，"山"
 175   2      Display(1,0,1*16,1); //显示第1号字，"大"
 176   2      /*Display(1,0,2*16,2); //显示第2号字，"电"
 177   2      Display(1,0,3*16,3); //显示第3号字，"工"
 178   2      Display(2,0,4*16,4); //显示第4号字，"电"
C51 COMPILER V9.01   LCD12864                                                              06/03/2020 23:20:07 PAGE 4   

 179   2      Display(2,0,5*16,5); //显示第5号字，"子"
 180   2      Display(2,0,6*16,6); //显示第6号字，"中"
 181   2      Display(2,0,7*16,7); //显示第7号字，"心"*/
 182   2      SelectScreen(0);
 183   2      delay(50);
 184   2      //}
 185   2      }
 186   1      }


MODULE INFORMATION:   STATIC OVERLAYABLE
   CODE SIZE        =    388    ----
   CONSTANT SIZE    =     64    ----
   XDATA SIZE       =   ----    ----
   PDATA SIZE       =   ----    ----
   DATA SIZE        =   ----       6
   IDATA SIZE       =   ----    ----
   BIT SIZE         =   ----    ----
END OF MODULE INFORMATION.


C51 COMPILATION COMPLETE.  0 WARNING(S),  0 ERROR(S)
