C51 COMPILER V9.01   MUSICPLAY                                                             06/08/2020 22:26:03 PAGE 1   


C51 COMPILER V9.01, COMPILATION OF MODULE MUSICPLAY
OBJECT MODULE PLACED IN musicplay.OBJ
COMPILER INVOKED BY: D:\keil_v4\C51\BIN\C51.EXE musicplay.c BROWSE DEBUG OBJECTEXTEND

line level    source

   1          #include "reg51.h"
   2          #define uchar unsigned char
   3          #define uint unsigned int
   4          
   5          sbit Beep=P1^5;
   6          //ƒ÷÷”“Ù∆◊
   7          uchar code SONG_TONE[]={212,212,190,212,159,169,212,212,190,212,142,159,212,212,106,126,159,169,190,119,11
             -9,126,159,142,159,0};
   8          uchar code SONG_LONG[]={9,3,12,12,12,24,9,3,12,12,12,24,9,3,12,12,12,12,12,9,3,12,12,12,24,0};
   9          //uchar code SONG_TONE[]={6,2,3,5,2,1,3,2,2,5,2,2,1,3,2,6,2,1,5,2,1,6,2,4,3,2,2,5,2,1,6,2,1,5,2,2,3,2,2,1,
             -2,1,6,1,1,5,2,1,3,2,1,2,2,4,2,2,3,3,2,1,5,2,2,5,2,1,6,2,1,3,2,2,2,2,2,1,2,4,5,2,3,3,2,1,2,2,1,1,2,1,6,1,1,1,2,1,5,1,6,0,
             -0,0};
  10          //uchar code SONG_LONG[]={};
  11          
  12          void DelayMS(uint x)
  13          {
  14   1              uchar t;
  15   1              while(x--)for(t=0;t<120;t++);
  16   1      }
  17          
  18          void MusicPlay()
  19          {
  20   1              uint i=0,j,k;
  21   1              while(SONG_LONG[i]!=0||SONG_TONE[i]!=0)
  22   1              {
  23   2                      for(j=0;j<SONG_LONG[i]*20;j++)
  24   2                      {
  25   3                              Beep=~Beep;
  26   3                              for(k=0;k<SONG_TONE[i]/3;k++);
  27   3                      }
  28   2                      DelayMS(10);
  29   2                      i++;
  30   2              }
  31   1      }
  32          
  33          void main()
  34          {
  35   1              Beep=0;
  36   1              while(1)
  37   1              {
  38   2                      MusicPlay();
  39   2                      DelayMS(500);
  40   2              }
  41   1      }
  42          
  43          
  44          


MODULE INFORMATION:   STATIC OVERLAYABLE
   CODE SIZE        =    135    ----
   CONSTANT SIZE    =     52    ----
   XDATA SIZE       =   ----    ----
   PDATA SIZE       =   ----    ----
   DATA SIZE        =   ----       2
C51 COMPILER V9.01   MUSICPLAY                                                             06/08/2020 22:26:03 PAGE 2   

   IDATA SIZE       =   ----    ----
   BIT SIZE         =   ----    ----
END OF MODULE INFORMATION.


C51 COMPILATION COMPLETE.  0 WARNING(S),  0 ERROR(S)
