C51 COMPILER V9.01   NONGLI1                                                               06/04/2020 21:49:25 PAGE 1   


C51 COMPILER V9.01, COMPILATION OF MODULE NONGLI1
OBJECT MODULE PLACED IN nongli1.OBJ
COMPILER INVOKED BY: D:\keil_v4\C51\BIN\C51.EXE nongli1.c BROWSE DEBUG OBJECTEXTEND

line level    source

   1          //公艳Dr(1901-2100)
   2          //亦木明 2008.1.11
   3          //2018.12.30清枫城主测试，发现存在问题，通过仿真一步步走找出问题所在，并作出修正
   4          //原文在哪忘了，只知道作者有“亦木明”的标注，如有侵权联系删除
   5          #include "reg51.h"//可修改为51的头文件   
   6          #define uchar unsigned char
   7          #define uint unsigned int
   8          
   9          #define TRUE  1
  10          //公历年对应的农历数据,每年三字节,
  11          //格式第一字节BIT7-4 位表示闰月月份,值为0 为无闰月,BIT3-0 对应农历第1-4 月的大小
  12          //第二字节BIT7-0 对应农历第5-12 月大小,第三字节BIT7 表示农历第13 个月大小
  13          //月份对应的位为1 表示本农历月大(30 天),为0 表示小(29 天).
  14          //第三字节BIT6-5 表示春节的公历月份,BIT4-0 表示春节的公历日期
  15          //每年的在到M中的位置 (200-(2100-year)-1)*3+Offset1  
  16          //0x09,0x2d,0x47, //2008  0x47 01000111
  17          //0x4d,0x4A,0xB8, //2001
  18          
  19          typedef struct spdate
  20          {
  21                  char         cYear;
  22                  char        cMon;
  23                  char        cDay;
  24          }SPDATE;
  25          
  26          
  27          uchar code Data[]={
  28          
  29          0x04,0xAe,0x53, //1901  0        (200-(2100-1901)-1)*3=0
  30          0x0A,0x57,0x48, //1902        3   (200-(2100-1902)-1)*3=3
  31          0x55,0x26,0xBd, //1903        6        (200-(2100-1903)-1)*3=3
  32          0x0d,0x26,0x50, //1904        9   (200-(2100-year)-1)*3 
  33          0x0d,0x95,0x44, //1905        12        
  34          0x46,0xAA,0xB9, //1906        15
  35          0x05,0x6A,0x4d, //1907
  36          0x09,0xAd,0x42, //1908
  37          0x24,0xAe,0xB6, //1909
  38          0x04,0xAe,0x4A, //1910
  39          0x6A,0x4d,0xBe, //1911
  40          0x0A,0x4d,0x52, //1912
  41          0x0d,0x25,0x46, //1913
  42          0x5d,0x52,0xBA, //1914
  43          0x0B,0x54,0x4e, //1915
  44          0x0d,0x6A,0x43, //1916
  45          0x29,0x6d,0x37, //1917
  46          0x09,0x5B,0x4B, //1918
  47          0x74,0x9B,0xC1, //1919
  48          0x04,0x97,0x54, //1920
  49          0x0A,0x4B,0x48, //1921
  50          0x5B,0x25,0xBC, //1922
  51          0x06,0xA5,0x50, //1923
  52          0x06,0xd4,0x45, //1924
  53          0x4A,0xdA,0xB8, //1925
  54          0x02,0xB6,0x4d, //1926
  55          0x09,0x57,0x42, //1927
C51 COMPILER V9.01   NONGLI1                                                               06/04/2020 21:49:25 PAGE 2   

  56          0x24,0x97,0xB7, //1928
  57          0x04,0x97,0x4A, //1929
  58          0x66,0x4B,0x3e, //1930
  59          0x0d,0x4A,0x51, //1931
  60          0x0e,0xA5,0x46, //1932
  61          0x56,0xd4,0xBA, //1933
  62          0x05,0xAd,0x4e, //1934
  63          0x02,0xB6,0x44, //1935
  64          0x39,0x37,0x38, //1936
  65          0x09,0x2e,0x4B, //1937
  66          0x7C,0x96,0xBf, //1938
  67          0x0C,0x95,0x53, //1939
  68          0x0d,0x4A,0x48, //1940
  69          0x6d,0xA5,0x3B, //1941
  70          0x0B,0x55,0x4f, //1942
  71          0x05,0x6A,0x45, //1943
  72          0x4A,0xAd,0xB9, //1944
  73          0x02,0x5d,0x4d, //1945
  74          0x09,0x2d,0x42, //1946
  75          0x2C,0x95,0xB6, //1947
  76          0x0A,0x95,0x4A, //1948
  77          0x7B,0x4A,0xBd, //1949
  78          0x06,0xCA,0x51, //1950
  79          0x0B,0x55,0x46, //1951
  80          0x55,0x5A,0xBB, //1952
  81          0x04,0xdA,0x4e, //1953
  82          0x0A,0x5B,0x43, //1954
  83          0x35,0x2B,0xB8, //1955
  84          0x05,0x2B,0x4C, //1956
  85          0x8A,0x95,0x3f, //1957
  86          0x0e,0x95,0x52, //1958
  87          0x06,0xAA,0x48, //1959
  88          0x7A,0xd5,0x3C, //1960
  89          0x0A,0xB5,0x4f, //1961
  90          0x04,0xB6,0x45, //1962
  91          0x4A,0x57,0x39, //1963
  92          0x0A,0x57,0x4d, //1964
  93          0x05,0x26,0x42, //1965
  94          0x3e,0x93,0x35, //1966
  95          0x0d,0x95,0x49, //1967
  96          0x75,0xAA,0xBe, //1968
  97          0x05,0x6A,0x51, //1969
  98          0x09,0x6d,0x46, //1970
  99          0x54,0xAe,0xBB, //1971
 100          0x04,0xAd,0x4f, //1972
 101          0x0A,0x4d,0x43, //1973
 102          0x4d,0x26,0xB7, //1974
 103          0x0d,0x25,0x4B, //1975
 104          0x8d,0x52,0xBf, //1976
 105          0x0B,0x54,0x52, //1977
 106          0x0B,0x6A,0x47, //1978
 107          0x69,0x6d,0x3C, //1979
 108          0x09,0x5B,0x50, //1980
 109          0x04,0x9B,0x45, //1981
 110          0x4A,0x4B,0xB9, //1982
 111          0x0A,0x4B,0x4d, //1983
 112          0xAB,0x25,0xC2, //1984
 113          0x06,0xA5,0x54, //1985
 114          0x06,0xd4,0x49, //1986
 115          0x6A,0xdA,0x3d, //1987
 116          0x0A,0xB6,0x51, //1988
 117          0x09,0x37,0x46, //1989
C51 COMPILER V9.01   NONGLI1                                                               06/04/2020 21:49:25 PAGE 3   

 118          0x54,0x97,0xBB, //1990
 119          0x04,0x97,0x4f, //1991
 120          0x06,0x4B,0x44, //1992
 121          0x36,0xA5,0x37, //1993
 122          0x0e,0xA5,0x4A, //1994
 123          0x86,0xB2,0xBf, //1995
 124          0x05,0xAC,0x53, //1996
 125          0x0A,0xB6,0x47, //1997
 126          0x59,0x36,0xBC, //1998
 127          0x09,0x2e,0x50, //1999         
 128          0x0C,0x96,0x45, //2000
 129          0x4d,0x4A,0xB8, //2001
 130          0x0d,0x4A,0x4C, //2002
 131          0x0d,0xA5,0x41, //2003
 132          0x25,0xAA,0xB6, //2004
 133          0x05,0x6A,0x49, //2005
 134          0x7A,0xAd,0xBd, //2006
 135          0x02,0x5d,0x52, //2007
 136          0x09,0x2d,0x47, //2008
 137          0x5C,0x95,0xBA, //2009
 138          0x0A,0x95,0x4e, //2010
 139          0x0B,0x4A,0x43, //2011
 140          0x4B,0x55,0x37, //2012
 141          0x0A,0xd5,0x4A, //2013
 142          0x95,0x5A,0xBf, //2014
 143          0x04,0xBA,0x53, //2015
 144          0x0A,0x5B,0x48, //2016
 145          0x65,0x2B,0xBC, //2017
 146          0x05,0x2B,0x50, //2018
 147          0x0A,0x93,0x45, //2019
 148          0x47,0x4A,0xB9, //2020
 149          0x06,0xAA,0x4C, //2021
 150          0x0A,0xd5,0x41, //2022
 151          0x24,0xdA,0xB6, //2023
 152          0x04,0xB6,0x4A, //2024
 153          0x69,0x57,0x3d, //2025
 154          0x0A,0x4e,0x51, //2026
 155          0x0d,0x26,0x46, //2027
 156          0x5e,0x93,0x3A, //2028
 157          0x0d,0x53,0x4d, //2029
 158          0x05,0xAA,0x43, //2030
 159          0x36,0xB5,0x37, //2031
 160          0x09,0x6d,0x4B, //2032
 161          0xB4,0xAe,0xBf, //2033
 162          0x04,0xAd,0x53, //2034
 163          0x0A,0x4d,0x48, //2035
 164          0x6d,0x25,0xBC, //2036
 165          0x0d,0x25,0x4f, //2037
 166          0x0d,0x52,0x44, //2038
 167          0x5d,0xAA,0x38, //2039
 168          0x0B,0x5A,0x4C, //2040
 169          0x05,0x6d,0x41, //2041
 170          0x24,0xAd,0xB6, //2042
 171          0x04,0x9B,0x4A, //2043
 172          0x7A,0x4B,0xBe, //2044
 173          0x0A,0x4B,0x51, //2045
 174          0x0A,0xA5,0x46, //2046
 175          0x5B,0x52,0xBA, //2047
 176          0x06,0xd2,0x4e, //2048
 177          0x0A,0xdA,0x42, //2049
 178          0x35,0x5B,0x37, //2050
 179          0x09,0x37,0x4B, //2051
C51 COMPILER V9.01   NONGLI1                                                               06/04/2020 21:49:25 PAGE 4   

 180          0x84,0x97,0xC1, //2052
 181          0x04,0x97,0x53, //2053
 182          0x06,0x4B,0x48, //2054
 183          0x66,0xA5,0x3C, //2055
 184          0x0e,0xA5,0x4f, //2056
 185          0x06,0xB2,0x44, //2057
 186          0x4A,0xB6,0x38, //2058
 187          0x0A,0xAe,0x4C, //2059
 188          0x09,0x2e,0x42, //2060
 189          0x3C,0x97,0x35, //2061
 190          0x0C,0x96,0x49, //2062
 191          0x7d,0x4A,0xBd, //2063
 192          0x0d,0x4A,0x51, //2064
 193          0x0d,0xA5,0x45, //2065
 194          0x55,0xAA,0xBA, //2066
 195          0x05,0x6A,0x4e, //2067
 196          0x0A,0x6d,0x43, //2068
 197          0x45,0x2e,0xB7, //2069
 198          0x05,0x2d,0x4B, //2070
 199          0x8A,0x95,0xBf, //2071
 200          0x0A,0x95,0x53, //2072
 201          0x0B,0x4A,0x47, //2073
 202          0x6B,0x55,0x3B, //2074
 203          0x0A,0xd5,0x4f, //2075
 204          0x05,0x5A,0x45, //2076
 205          0x4A,0x5d,0x38, //2077
 206          0x0A,0x5B,0x4C, //2078
 207          0x05,0x2B,0x42, //2079
 208          0x3A,0x93,0xB6, //2080
 209          0x06,0x93,0x49, //2081
 210          0x77,0x29,0xBd, //2082
 211          0x06,0xAA,0x51, //2083
 212          0x0A,0xd5,0x46, //2084
 213          0x54,0xdA,0xBA, //2085
 214          0x04,0xB6,0x4e, //2086
 215          0x0A,0x57,0x43, //2087
 216          0x45,0x27,0x38, //2088
 217          0x0d,0x26,0x4A, //2089
 218          0x8e,0x93,0x3e, //2090
 219          0x0d,0x52,0x52, //2091
 220          0x0d,0xAA,0x47, //2092
 221          0x66,0xB5,0x3B, //2093
 222          0x05,0x6d,0x4f, //2094
 223          0x04,0xAe,0x45, //2095
 224          0x4A,0x4e,0xB9, //2096
 225          0x0A,0x4d,0x4C, //2097
 226          0x0d,0x15,0x41, //2098
 227          0x2d,0x92,0xB5, //2099
 228          0x0d,0x53,0x49, //2100
 229          };
 230          
 231          uchar code Mon1[2][13]={0,31,28,31,30,31,30,31,31,30,31,30,31,
 232                                            0,31,29,31,30,31,30,31,31,30,31,30,31};
 233          
 234          SPDATE Spdate;
 235          //@得年春的公讶掌
 236          SPDATE GetSpringDay(uchar GreYear,uchar GreMon,uchar GreDay)
 237          {
 238   1              //0x09,0x2d,0x47, //2008  0x47 01000111 
 239   1              int day;
 240   1              uchar i,Flag,F;
 241   1              uint Offset1;//出现问题在这里，原本定义为uchar类型，下面计算时超出范围导致错误，进行修改为uint类型
C51 COMPILER V9.01   NONGLI1                                                               06/04/2020 21:49:25 PAGE 5   

             -后，验证正常
 242   1              unsigned char L=0x01,Flag1=1;
 243   1              unsigned int  Temp16,L1=0x0800;
 244   1              //第三字节BIT6-5 表示春节的公历月份,BIT4-0 表示春节的公历日期
 245   1              Spdate.cYear=GreYear ;
 246   1              Spdate.cMon=(Data[(200-(100-GreYear)-1)*3+2]&0x60)>>5; //计算春节公历月份
 247   1              Spdate.cDay=(Data[(200-(100-GreYear)-1)*3+2])&0x1f;    //计算春节公历日期
 248   1      
 249   1              //判断平年，闰年
 250   1              if( (!(GreYear%4) && (GreYear%100)) || !(GreYear%400) ) Flag=1; 
 251   1              else Flag=0;
 252   1              
 253   1              if(Spdate.cMon>GreMon)                                                                //春节离公历
             -日期的天数
 254   1              {
 255   2                 day=Mon1[Flag][GreMon]-GreDay;
 256   2                 for(i=GreMon+1;i<=Spdate.cMon-1;i++)
 257   2                              day+=Mon1[Flag][i];
 258   2                 day+=Spdate.cDay;
 259   2                 F=1;
 260   2              }
 261   1              else if(Spdate.cMon<GreMon) //春的月份小於目说脑路
 262   1              {
 263   2                      day=Mon1[Flag][Spdate.cMon]-Spdate.cDay;  
 264   2                      for(i=Spdate.cMon+1;i<=GreMon-1;i++)
 265   2                              day+=Mon1[Flag][i];
 266   2                      day+=GreDay;                                //          0000000000000000000000000000000000
             -00000000000000000000000000000000
 267   2                      F=0;
 268   2              }
 269   1              else
 270   1              {
 271   2                      if(Spdate.cDay>GreDay)
 272   2                      {
 273   3                              day=Spdate.cDay-GreDay;
 274   3                              F=1;
 275   3                      }
 276   2                      else if(Spdate.cDay<GreDay)
 277   2                      {
 278   3                              day=GreDay-Spdate.cDay;
 279   3                              F=0;
 280   3                      }
 281   2                      else day=0;
 282   2              }                 
 283   1      
 284   1              Spdate.cYear=Spdate.cYear;
 285   1              Spdate.cMon=1;
 286   1              Spdate.cDay=1;
 287   1      
 288   1              if(!day) return Spdate ;
 289   1      
 290   1              if(F)    //春节在公历日期后
 291   1              {
 292   2                      Spdate.cYear--;
 293   2                      Spdate.cMon=12;
 294   2                      //这边Offset1计算会出现超范围，因此把uchar类型改为uint后正常
 295   2                      Offset1=(200-(100-Spdate.cYear)-1)*3;
 296   2                      while(TRUE)
 297   2                      {
 298   3                              //格式第一字节BIT7-4 位表示闰月月份,值为0 为无闰月,BIT3-0 对应农历第1-4 月的大小
 299   3                              //第二字节BIT7-0 对应农历第5-12 月大小,第三字节BIT7 表示农历第13 个月大小
 300   3                              //0x4d,0x4A,0xB8, //2001
C51 COMPILER V9.01   NONGLI1                                                               06/04/2020 21:49:25 PAGE 6   

 301   3                              if(Data[Offset1+1]&L) 
 302   3                                      day-=30;
 303   3                              else
 304   3                                      day-=29;
 305   3                              L<<=1;
 306   3                              if(((Data[Offset1+0]&0xf0)>>4)==Spdate.cMon && Flag1)//(Data[Offset1+0]&0xf0)>>4判
             -断是否是闰月1平月0 
 307   3                              {
 308   4                                      Flag1=0;
 309   4                                      if(Data[Offset1+2]&0x80) day-=30; else day-=29;
 310   4                                      continue;
 311   4                              }
 312   3                              if(day>0) Spdate.cMon--; 
 313   3                              else break;
 314   3                              
 315   3                              
 316   3                      }
 317   2                      Spdate.cDay=-day+1;
 318   2              }
 319   1              
 320   1              if(!F)
 321   1              {
 322   2                      Spdate.cMon=1;
 323   2                      //这边Offset1计算会出现超范围，因此把uchar类型改为uint后正常
 324   2                      Offset1=(200-(100-Spdate.cYear)-1)*3;
 325   2                      Temp16=(Data[Offset1+0]<<8)+Data[Offset1+1];
 326   2                      while(TRUE)
 327   2                      {
 328   3                              if(Temp16 & L1) day-=30; else day-=29;
 329   3                              if(day>=0) 
 330   3                                      Spdate.cMon++; 
 331   3                              else if(day<0)
 332   3                              {
 333   4                                      if(Temp16 & L1) day+=30; else day+=29;
 334   4                                      break;
 335   4                              }
 336   3                              L1>>=1;
 337   3                              //格式第一字节BIT7-4 位表示闰月月份,值为0 为无闰月,BIT3-0 对应农历第1-4 月的大小
 338   3                              //第二字节BIT7-0 对应农历第5-12 月大小,第三字节BIT7 表示农历第13 个月大小
 339   3                              if(((Data[Offset1+0]&0xf0)>>4)==(Spdate.cMon-1) && Flag1) //闰月
 340   3                              {
 341   4                                      Flag1=0;
 342   4                                      Spdate.cMon--;
 343   4                                      if(Temp16 & L1) day-=30; else day-=29;
 344   4                                      if(day>=0) 
 345   4                                              Spdate.cMon++; 
 346   4                                      else if(day<0)
 347   4                                      {
 348   5                                              if(Temp16 & L1) day+=30; else day+=29;
 349   5                                              break;
 350   5                                      }
 351   4                                      L1>>=1;
 352   4                              }
 353   3                      }
 354   2                      Spdate.cDay=day+1;
 355   2              }
 356   1          return Spdate;
 357   1      }
 358          
 359          /*bit YearFlag(uchar cYear) //判断平年，闰年
 360          {
 361             if( (!(cYear%4) && (cYear%100)) || !(cYear%400) ) return 1; else return 0;
C51 COMPILER V9.01   NONGLI1                                                               06/04/2020 21:49:25 PAGE 7   

 362          }
 363          
 364          //目巳掌谑切瞧
 365          uchar GetWeekDay(uchar cYear,uchar cMon,uchar cDay)
 366          {
 367                  char i;
 368                  int  Sum=0,tmpyear=2000+cYear;
 369                  for(i=1;i<=cMon-1;i++)
 370                          Sum+=Mon1[YearFlag(cYear)][i];
 371                  Sum+=cDay-1;
 372                  
 373                  return (((tmpyear-1)+(tmpyear-1)/4-(tmpyear-1)/100+(tmpyear-1)/400+Sum)%7)+1;
 374          }*/
 375          
 376          void main()
 377          {
 378   1              for(;;)
 379   1              {
 380   2              GetSpringDay(18,12,30);        //输入数据为十进制，不是BCD码格式，这个请注意
 381   2      
 382   2              }
 383   1      }
 384          
 385          
 386           


MODULE INFORMATION:   STATIC OVERLAYABLE
   CODE SIZE        =    943    ----
   CONSTANT SIZE    =    626    ----
   XDATA SIZE       =   ----    ----
   PDATA SIZE       =   ----    ----
   DATA SIZE        =      3      11
   IDATA SIZE       =   ----    ----
   BIT SIZE         =   ----    ----
END OF MODULE INFORMATION.


C51 COMPILATION COMPLETE.  0 WARNING(S),  0 ERROR(S)
