C51 COMPILER V9.01   MAIN                                                                  07/03/2020 20:08:57 PAGE 1   


C51 COMPILER V9.01, COMPILATION OF MODULE MAIN
OBJECT MODULE PLACED IN main.OBJ
COMPILER INVOKED BY: D:\keil_v4\C51\BIN\C51.EXE main.c BROWSE DEBUG OBJECTEXTEND

line level    source

   1          /**************************************************************************************
   2          *                             LCD1602液晶显示实验                                                                                                 *
   3          实现现象：下载程序后插上LCD1602液晶在开发板上，即可显示
   4          注意事项：如果不想让点阵模块显示，可以将74HC595模块上的JP595短接片拔掉。                                                                                                                                                                  
   5          ***************************************************************************************/
   6          
   7          #include "reg51.h"                       //此文件中定义了单片机的一些特殊功能寄存器
   8          #include "lcd.h"
   9          
  10          typedef unsigned int u16;         //对数据类型进行声明定义
  11          typedef unsigned char u8;
  12          //定义接收 数组
  13          u8 Buffer[5]={0};
  14          u8 Disp[]=" Pechin Science ";
  15          u8 Disp1[]=" Hello  World!  ";
  16          
  17          void display()
  18          {
  19   1              u8 i;
  20   1              LcdInit();
  21   1              for(i=0;i<16;i++)
  22   1              {
  23   2                      LcdWriteData(Disp[i]);  
  24   2              }
  25   1      }
  26          
  27          void display1()
  28          {
  29   1              u8 i;
  30   1              LcdInit();
  31   1              for(i=0;i<16;i++)
  32   1              {
  33   2                      LcdWriteData(Disp1[i]); 
  34   2              }
  35   1      }
  36          
  37          void InitUART(void)
  38          {
  39   1              SCON = 0x50;    // SCON: 模式1, 8-bit UART, 使能接收 
  40   1              TMOD |= 0x20;
  41   1              TH1=0xfd;               //波特率9600 初值
  42   1              TL1=0xfd;
  43   1              TR1= 1;
  44   1              EA = 1;     //开总中断
  45   1              ES= 1;          //打开串口中断
  46   1      }
  47          
  48          void SendOneByte(uchar c)
  49          {
  50   1          SBUF = c;
  51   1          while(!TI);
  52   1          TI = 0;
  53   1      }
  54          
  55          void UART_SER () interrupt 4
C51 COMPILER V9.01   MAIN                                                                  07/03/2020 20:08:57 PAGE 2   

  56          {
  57   1              u16 n;  //定义临时变量
  58   1              if(RI)          //判断是接收中断产生
  59   1              {
  60   2                      RI=0;   //标志位清零
  61   2                      n=SBUF; //读入缓冲区的值
  62   2                      switch(n)
  63   2                      {
  64   3                              case 1: 
  65   3                                              display();      
  66   3                                              SendOneByte(n);
  67   3                                              break;
  68   3                              case 2: 
  69   3                                              display1();     
  70   3                                              SendOneByte(n);
  71   3                                              break;
  72   3                      }
  73   2              }       
  74   1      }
  75          /*******************************************************************************
  76          * 函 数 名         : main
  77          * 函数功能                 : 主函数
  78          * 输    入         : 无
  79          * 输    出         : 无
  80          *******************************************************************************/
  81          void main(void)
  82          {
  83   1              LcdInit();
  84   1              InitUART();
  85   1              while(1);                               
  86   1      }


MODULE INFORMATION:   STATIC OVERLAYABLE
   CODE SIZE        =    181    ----
   CONSTANT SIZE    =   ----    ----
   XDATA SIZE       =   ----    ----
   PDATA SIZE       =   ----    ----
   DATA SIZE        =     39       4
   IDATA SIZE       =   ----    ----
   BIT SIZE         =   ----    ----
END OF MODULE INFORMATION.


C51 COMPILATION COMPLETE.  0 WARNING(S),  0 ERROR(S)
