C51 COMPILER V9.01   MAIN                                                                  07/02/2020 19:54:01 PAGE 1   


C51 COMPILER V9.01, COMPILATION OF MODULE MAIN
OBJECT MODULE PLACED IN main.OBJ
COMPILER INVOKED BY: D:\keil_v4\C51\BIN\C51.EXE main.c BROWSE DEBUG OBJECTEXTEND

line level    source

   1          /**************************************************************************************
   2          *                             点亮第一个LED实验                                                                                           *
   3          实现现象：下载程序后D1指示灯点亮
   4          注意事项：无                                                                                                                                                              
   5          ***************************************************************************************/
   6          
   7          
   8          #include "reg52.h"    //此文件中定义了单片机的一些特殊功能寄存器
   9          
  10          sbit led=P2^0;     //将单片机的P2.0端口定义为led
  11          
  12          /*******************************************************************************
  13          * 函 数 名       : main
  14          * 函数功能               : 主函数
  15          * 输    入       : 无
  16          * 输    出       : 无
  17          *******************************************************************************/
  18          void main()
  19          {
  20   1              while(1)
  21   1              {
  22   2                      led=0;  //P2.0端口设置为低电平
  23   2              }               
  24   1      }


MODULE INFORMATION:   STATIC OVERLAYABLE
   CODE SIZE        =      4    ----
   CONSTANT SIZE    =   ----    ----
   XDATA SIZE       =   ----    ----
   PDATA SIZE       =   ----    ----
   DATA SIZE        =   ----    ----
   IDATA SIZE       =   ----    ----
   BIT SIZE         =   ----    ----
END OF MODULE INFORMATION.


C51 COMPILATION COMPLETE.  0 WARNING(S),  0 ERROR(S)
