C51 COMPILER V9.01   MAIN                                                                  06/30/2020 15:59:08 PAGE 1   


C51 COMPILER V9.01, COMPILATION OF MODULE MAIN
OBJECT MODULE PLACED IN main.OBJ
COMPILER INVOKED BY: D:\keil_v4\C51\BIN\C51.EXE main.c BROWSE DEBUG OBJECTEXTEND

line level    source

   1          #include <reg51.h>
   2          #define uchar unsigned char
   3          #define uint unsigned int
   4          
   5          uchar SetTime[14];
   6          uchar SetTimeIndex=0,flag=0;
   7          sbit LCD_RS=P2^6;       //定义数据/命令选择位为P1.7引脚  
   8          sbit LCD_RW=P2^5;       //定义读/写选择位为P1.6引脚  
   9          sbit LCD_EN=P2^7;       //定义使能信号位为P1.5引脚 
  10          //延时子程序
  11          void delay_n40us(uint n)
  12          {
  13   1              uint i;
  14   1              uchar j;
  15   1              for(i=n;i>0;i--)
  16   1              {
  17   2                      for(j=0;j<2;j++);
  18   2              }
  19   1      }
  20          
  21          //写命令子程序
  22          void lcd_wcmd(uchar cmd)
  23          {
  24   1              LCD_RS=0;        //选择指令寄存器
  25   1              LCD_RW=0;        //读写选择位置低电平，写入指令
  26   1              P0=cmd;          //向P2口写入指令
  27   1              LCD_EN=1;        //使能端置高电平
  28   1              LCD_EN=0;        //使能端置低电平，产生下降沿，则液晶模块执行命令
  29   1              delay_n40us(1);
  30   1      }
  31          
  32          //写数据子程序
  33          void lcd_wdat(uchar dat)
  34          {
  35   1              LCD_RS=1;         //选择数据寄存器
  36   1              LCD_RW=0;         //读写选择位置低电平进行写操作
  37   1              P0=dat;           //向P2口写入数据
  38   1              LCD_EN=1;         //使能端置高电平
  39   1              LCD_EN=0;        //使能端置低电平，产生下降沿，液晶模块执行命令
  40   1              delay_n40us(1);
  41   1      }
  42          
  43          //初始化子程序
  44          void lcd_init()
  45          {
  46   1              lcd_wcmd(0x38);//功能设定指令中DL=1,N=1,F=0，8位数据宽度，16*2显示2行，5*7点阵字符
  47   1              lcd_wcmd(0x0c);//显示开关控制指令中D=1,C=0,B=0，显示开，关光标，不闪烁
  48   1              lcd_wcmd(0x06);//进入模式设置指令中I/D=1,S=0,写入新数据后地址自动增加且显示屏不移动
  49   1              lcd_wcmd(0x01);//清除LCD显示内容，清屏指令D7-D0部分为01H
  50   1              delay_n40us(100);
  51   1      }
  52          
  53          void InitUART(void)
  54          {
  55   1              SCON = 0x50;    // SCON: 模式1, 8-bit UART, 使能接收 
C51 COMPILER V9.01   MAIN                                                                  06/30/2020 15:59:08 PAGE 2   

  56   1              TMOD |= 0x20;
  57   1              TH1=0xfd;               //波特率9600 初值
  58   1              TL1=0xfd;
  59   1              TR1= 1;
  60   1              EA = 1;     //开总中断
  61   1              ES= 1;          //打开串口中断
  62   1      }
  63          
  64          void charDisplay(uchar end)
  65          {
  66   1              uchar i;
  67   1              lcd_init();
  68   1              for(i=0;i<end;i++)
  69   1              {
  70   2                      lcd_wdat(SetTime[i]+0x30);      
  71   2              }
  72   1      }
  73          
  74          void main(void)
  75          {
  76   1          InitUART();
  77   1              while(1);
  78   1      }
  79          /*void SendOneByte(uchar c)
  80          {
  81              SBUF = c;
  82              while(!TI);
  83              TI = 0;
  84          }*/      
  85          
  86          void UART_SER () interrupt 4
  87          {
  88   1              uint n;         //定义临时变量
  89   1              if(RI)          //判断是接收中断产生
  90   1              {
  91   2                      RI=0;   //标志位清零
  92   2                      n=SBUF;
  93   2                      if(SetTimeIndex<14)
  94   2                      {
  95   3                              SetTime[SetTimeIndex]=n;
  96   3                              SetTimeIndex++;
  97   3                      }
  98   2                      else
  99   2                      {
 100   3                              SBUF=0x00;
 101   3                              while(!TI);
 102   3                      TI = 0;
 103   3                      }
 104   2                      charDisplay(SetTimeIndex);
 105   2              }
 106   1      }         
 107          
 108           
 109           


MODULE INFORMATION:   STATIC OVERLAYABLE
   CODE SIZE        =    211    ----
   CONSTANT SIZE    =   ----    ----
   XDATA SIZE       =   ----    ----
   PDATA SIZE       =   ----    ----
   DATA SIZE        =     16    ----
C51 COMPILER V9.01   MAIN                                                                  06/30/2020 15:59:08 PAGE 3   

   IDATA SIZE       =   ----    ----
   BIT SIZE         =   ----    ----
END OF MODULE INFORMATION.


C51 COMPILATION COMPLETE.  0 WARNING(S),  0 ERROR(S)
