C51 COMPILER V9.01   MAIN                                                                  07/03/2020 15:24:15 PAGE 1   


C51 COMPILER V9.01, COMPILATION OF MODULE MAIN
OBJECT MODULE PLACED IN main.OBJ
COMPILER INVOKED BY: D:\keil_v4\C51\BIN\C51.EXE main.c BROWSE DEBUG OBJECTEXTEND

line level    source

   1          /**************************************************************************************
   2          *                             串口通信实验                                                                                                *
   3          实现现象：下载程序后打开串口调试助手，将波特率设置为4800，选择发送的数据就可以显示
   4                                  在串口助手上。
   5          注意事项：无。                                                                                                                                                            
   6          ***************************************************************************************/
   7          
   8          #include "reg52.h"                       //此文件中定义了单片机的一些特殊功能寄存器
   9          
  10          typedef unsigned int u16;         //对数据类型进行声明定义
  11          typedef unsigned char u8;
  12          
  13          u8 ShiJian[14];
  14          //u8 k,flag;
  15          //延时子程序
  16          /*void delay_ms(u16 xms)
  17          {
  18                  u16 i,j;
  19                  for(i=xms;i>0;i--)
  20                  {
  21                          for(j=110;j>0;j--);     
  22                  }
  23          }*/
  24          /*******************************************************************************
  25          * 函数名         :UsartInit()
  26          * 函数功能                 :设置串口
  27          * 输入           : 无
  28          * 输出           : 无
  29          *******************************************************************************/
  30          void UsartInit()
  31          {
  32   1              SCON=0X50;                      //设置为工作方式1
  33   1              TMOD=0X20;                      //设置计数器工作方式2
  34   1              PCON=0X80;                      //波特率加倍
  35   1              TH1=0XF3;                               //计数器初始值设置，注意波特率是4800的
  36   1              TL1=0XF3;
  37   1              ES=1;                                           //打开接收中断
  38   1              EA=1;                                           //打开总中断
  39   1              TR1=1;                                  //打开计数器
  40   1      }
  41          
  42          /*******************************************************************************
  43          * 函 数 名       : main
  44          * 函数功能               : 主函数
  45          * 输    入       : 无
  46          * 输    出       : 无
  47          *******************************************************************************/
  48          void main()
  49          {       
  50   1              UsartInit();  //        串口初始化
  51   1              while(1);               
  52   1      }
  53          
  54          /*******************************************************************************
  55          * 函数名         : Usart() interrupt 4
C51 COMPILER V9.01   MAIN                                                                  07/03/2020 15:24:15 PAGE 2   

  56          * 函数功能                : 串口通信中断函数
  57          * 输入           : 无
  58          * 输出           : 无
  59          *******************************************************************************/
  60          void Usart() interrupt 4
  61          {
  62   1              u8 receiveData,n;
  63   1              receiveData=SBUF;//出去接收到的数据
  64   1              RI = 0;//清除接收中断标志位
  65   1              SBUF=receiveData;//将接收到的数据放入到发送寄存器
  66   1              if(receiveData>=0x30 && receiveData<=0x39)
  67   1              n=receiveData-0x30;
  68   1              else n=receiveData-0x37;
  69   1              P2=n;
  70   1              /*if(n==4)
  71   1              {
  72   1                      for(k=0;k<14;k++)
  73   1                      {
  74   1                              receiveData=SBUF;//出去接收到的数据
  75   1                              RI = 0;//清除接收中断标志位     
  76   1                              ShiJian[k]=receiveData;
  77   1                              flag=1;
  78   1                      }
  79   1              }       */
  80   1              while(!TI);                      //等待发送数据完成
  81   1              TI=0;                                            //清除发送完成标志位
  82   1      }


MODULE INFORMATION:   STATIC OVERLAYABLE
   CODE SIZE        =     82    ----
   CONSTANT SIZE    =   ----    ----
   XDATA SIZE       =   ----    ----
   PDATA SIZE       =   ----    ----
   DATA SIZE        =     14    ----
   IDATA SIZE       =   ----    ----
   BIT SIZE         =   ----    ----
END OF MODULE INFORMATION.


C51 COMPILATION COMPLETE.  0 WARNING(S),  0 ERROR(S)
